<?xml version="1.0" encoding="UTF-8"?>
<!-- Generated by org.testng.reporters.JUnitXMLReporter -->
<testsuite ignored="0" hostname="LAPTOP-3VBKENUI" failures="1" tests="7" name="Edge" time="27.742" errors="0" timestamp="2024-05-04T14:22:37 IST">
  <testcase classname="com.tests.BoxAppLoginPageSteps" name="navigateToBoxLogin" time="0.571"/>
  <testcase classname="com.tests.BoxAppLoginPageSteps" name="login" time="3.807"/>
  <testcase classname="com.tests.BoxAppLoginPageSteps" name="logOut" time="6.539"/>
  <testcase classname="com.tests.BoxAppCreateFolderSteps" name="navigateToBoxCreateFolder" time="0.408"/>
  <testcase classname="com.tests.BoxAppCreateFolderSteps" name="loginCreateFolder" time="3.135"/>
  <testcase classname="com.tests.BoxAppCreateFolderSteps" name="createFolder" time="8.42"/>
  <testcase classname="com.tests.BoxAppCreateFolderSteps" name="logOutCreateFolder" time="1.608">
    <failure type="org.openqa.selenium.ElementClickInterceptedException" message="element click intercepted: Element &amp;lt;button aria-label=&amp;quot;Toggle account menu&amp;quot; data-resin-target=&amp;quot;accountmenu&amp;quot; id=&amp;quot;menubutton154&amp;quot; aria-expanded=&amp;quot;false&amp;quot; aria-haspopup=&amp;quot;true&amp;quot; class=&amp;quot;text_button_module_textButton--581e7 ProfileButton ProfileButton--default&amp;quot; type=&amp;quot;button&amp;quot; style=&amp;quot;&amp;quot;&amp;gt;...&amp;lt;/button&amp;gt; is not clickable at point (1824, 46). Other element would receive the click: &amp;lt;div class=&amp;quot;&amp;quot;&amp;gt;...&amp;lt;/div&amp;gt;
  (Session info: MicrosoftEdge=124.0.2478.51)
Build info: version: &amp;apos;4.18.1&amp;apos;, revision: &amp;apos;b1d3319b48&amp;apos;
System info: os.name: &amp;apos;Windows 11&amp;apos;, os.arch: &amp;apos;amd64&amp;apos;, os.version: &amp;apos;10.0&amp;apos;, java.version: &amp;apos;21.0.2&amp;apos;
Driver info: org.openqa.selenium.edge.EdgeDriver
Command: [d4abbfa4df2f0ea944d52a3e31df015c, clickElement {id=f.8781A62EC6AAC7FD869D2F78C2A5BFE3.d.75D5CA15F5DDF42B7985DAE995042D72.e.178}]
Capabilities {acceptInsecureCerts: false, browserName: MicrosoftEdge, browserVersion: 124.0.2478.51, fedcm:accounts: true, ms:edgeOptions: {debuggerAddress: localhost:8892}, msedge: {msedgedriverVersion: 124.0.2478.80 (b05b378d1705..., userDataDir: C:\Users\rakes\AppData\Loca...}, networkConnectionEnabled: false, pageLoadStrategy: normal, platformName: windows, proxy: Proxy(), se:cdp: ws://localhost:8892/devtool..., se:cdpVersion: 124.0.2478.51, setWindowRect: true, strictFileInteractability: false, timeouts: {implicit: 0, pageLoad: 300000, script: 30000}, unhandledPromptBehavior: dismiss and notify, webauthn:extension:credBlob: true, webauthn:extension:largeBlob: true, webauthn:extension:minPinLength: true, webauthn:extension:prf: true, webauthn:virtualAuthenticators: true}
Element: [[EdgeDriver: MicrosoftEdge on windows (d4abbfa4df2f0ea944d52a3e31df015c)] -&amp;gt; xpath: //button[@data-resin-target=&amp;apos;accountmenu&amp;apos;]]
Session ID: d4abbfa4df2f0ea944d52a3e31df015c">
      <![CDATA[org.openqa.selenium.ElementClickInterceptedException: element click intercepted: Element <button aria-label="Toggle account menu" data-resin-target="accountmenu" id="menubutton154" aria-expanded="false" aria-haspopup="true" class="text_button_module_textButton--581e7 ProfileButton ProfileButton--default" type="button" style="">...</button> is not clickable at point (1824, 46). Other element would receive the click: <div class="">...</div>
  (Session info: MicrosoftEdge=124.0.2478.51)
Build info: version: '4.18.1', revision: 'b1d3319b48'
System info: os.name: 'Windows 11', os.arch: 'amd64', os.version: '10.0', java.version: '21.0.2'
Driver info: org.openqa.selenium.edge.EdgeDriver
Command: [d4abbfa4df2f0ea944d52a3e31df015c, clickElement {id=f.8781A62EC6AAC7FD869D2F78C2A5BFE3.d.75D5CA15F5DDF42B7985DAE995042D72.e.178}]
Capabilities {acceptInsecureCerts: false, browserName: MicrosoftEdge, browserVersion: 124.0.2478.51, fedcm:accounts: true, ms:edgeOptions: {debuggerAddress: localhost:8892}, msedge: {msedgedriverVersion: 124.0.2478.80 (b05b378d1705..., userDataDir: C:\Users\rakes\AppData\Loca...}, networkConnectionEnabled: false, pageLoadStrategy: normal, platformName: windows, proxy: Proxy(), se:cdp: ws://localhost:8892/devtool..., se:cdpVersion: 124.0.2478.51, setWindowRect: true, strictFileInteractability: false, timeouts: {implicit: 0, pageLoad: 300000, script: 30000}, unhandledPromptBehavior: dismiss and notify, webauthn:extension:credBlob: true, webauthn:extension:largeBlob: true, webauthn:extension:minPinLength: true, webauthn:extension:prf: true, webauthn:virtualAuthenticators: true}
Element: [[EdgeDriver: MicrosoftEdge on windows (d4abbfa4df2f0ea944d52a3e31df015c)] -> xpath: //button[@data-resin-target='accountmenu']]
Session ID: d4abbfa4df2f0ea944d52a3e31df015c
at org.openqa.selenium.remote.ErrorCodec.decode(ErrorCodec.java:167)
at org.openqa.selenium.remote.codec.w3c.W3CHttpResponseCodec.decode(W3CHttpResponseCodec.java:138)
at org.openqa.selenium.remote.codec.w3c.W3CHttpResponseCodec.decode(W3CHttpResponseCodec.java:50)
at org.openqa.selenium.remote.HttpCommandExecutor.execute(HttpCommandExecutor.java:190)
at org.openqa.selenium.remote.service.DriverCommandExecutor.invokeExecute(DriverCommandExecutor.java:216)
at org.openqa.selenium.remote.service.DriverCommandExecutor.execute(DriverCommandExecutor.java:174)
at org.openqa.selenium.remote.RemoteWebDriver.execute(RemoteWebDriver.java:519)
at org.openqa.selenium.remote.RemoteWebElement.execute(RemoteWebElement.java:223)
at org.openqa.selenium.remote.RemoteWebElement.click(RemoteWebElement.java:76)
at com.controls.SeleniumControls.click(SeleniumControls.java:73)
at com.pages.BoxAppHomePage.clickButton(BoxAppHomePage.java:35)
at com.tests.BoxAppCreateFolderSteps.logOutCreateFolder(BoxAppCreateFolderSteps.java:82)
at java.base/java.util.ArrayList.forEach(ArrayList.java:1596)
at java.base/java.util.concurrent.FutureTask.run(FutureTask.java:317)
at java.base/java.util.concurrent.ThreadPoolExecutor.runWorker(ThreadPoolExecutor.java:1144)
at java.base/java.util.concurrent.ThreadPoolExecutor$Worker.run(ThreadPoolExecutor.java:642)
at java.base/java.lang.Thread.run(Thread.java:1583)
... Removed 18 stack frames]]>
    </failure>
  </testcase> <!-- logOutCreateFolder -->
</testsuite> <!-- Edge -->
