<?xml version="1.0" encoding="UTF-8"?>
<!-- Generated by org.testng.reporters.JUnitXMLReporter -->
<testsuite ignored="0" hostname="DESKTOP-4OQ8NF6" failures="0" tests="3" name="Chrome" time="18.578" errors="0" timestamp="2026-06-15T14:08:47 IST">
  <testcase classname="com.tests.PracticeTestLoginTest" name="testPositiveLogIn" time="7.314"/>
  <testcase classname="com.tests.PracticeTestLoginTest" name="testNegativeUsernameLogi" time="4.61"/>
  <testcase classname="com.tests.PracticeTestLoginTest" name="testNegativePasswordLogin" time="4.588"/>
</testsuite> <!-- Chrome -->
