<?xml version="1.0" encoding="UTF-8"?>
<testng-results ignored="0" total="3" passed="3" failed="0" skipped="0">
  <reporter-output>
  </reporter-output>
  <suite started-at="2026-06-15T14:08:28 IST" name="SiteCore" finished-at="2026-06-15T14:08:47 IST" duration-ms="18578">
    <groups>
    </groups>
    <test started-at="2026-06-15T14:08:28 IST" name="Chrome" finished-at="2026-06-15T14:08:47 IST" duration-ms="18578">
      <class name="com.tests.PracticeTestLoginTest">
        <test-method is-config="true" signature="setup(org.testng.ITestContext)[pri:0, instance:com.tests.PracticeTestLoginTest@9f116cc]" started-at="2026-06-15T14:08:28 IST" name="setup" finished-at="2026-06-15T14:08:30 IST" duration-ms="1984" status="PASS">
          <params>
            <param index="0">
              <value>
                <![CDATA[org.testng.TestRunner@abf688e]]>
              </value>
            </param>
          </params>
          <reporter-output>
          </reporter-output>
        </test-method> <!-- setup -->
        <test-method is-config="true" signature="refreshLog()[pri:0, instance:com.tests.PracticeTestLoginTest@9f116cc]" started-at="2026-06-15T14:08:30 IST" name="refreshLog" finished-at="2026-06-15T14:08:30 IST" duration-ms="2" status="PASS">
          <reporter-output>
          </reporter-output>
        </test-method> <!-- refreshLog -->
        <test-method signature="testPositiveLogIn()[pri:1, instance:com.tests.PracticeTestLoginTest@9f116cc]" started-at="2026-06-15T14:08:30 IST" name="testPositiveLogIn" finished-at="2026-06-15T14:08:37 IST" duration-ms="7314" status="PASS">
          <reporter-output>
          </reporter-output>
        </test-method> <!-- testPositiveLogIn -->
        <test-method is-config="true" signature="refreshLog()[pri:0, instance:com.tests.PracticeTestLoginTest@9f116cc]" started-at="2026-06-15T14:08:37 IST" name="refreshLog" finished-at="2026-06-15T14:08:37 IST" duration-ms="11" status="PASS">
          <reporter-output>
          </reporter-output>
        </test-method> <!-- refreshLog -->
        <test-method signature="testNegativeUsernameLogi()[pri:2, instance:com.tests.PracticeTestLoginTest@9f116cc]" started-at="2026-06-15T14:08:37 IST" name="testNegativeUsernameLogi" finished-at="2026-06-15T14:08:42 IST" duration-ms="4610" status="PASS">
          <reporter-output>
          </reporter-output>
        </test-method> <!-- testNegativeUsernameLogi -->
        <test-method is-config="true" signature="refreshLog()[pri:0, instance:com.tests.PracticeTestLoginTest@9f116cc]" started-at="2026-06-15T14:08:42 IST" name="refreshLog" finished-at="2026-06-15T14:08:42 IST" duration-ms="0" status="PASS">
          <reporter-output>
          </reporter-output>
        </test-method> <!-- refreshLog -->
        <test-method signature="testNegativePasswordLogin()[pri:3, instance:com.tests.PracticeTestLoginTest@9f116cc]" started-at="2026-06-15T14:08:42 IST" name="testNegativePasswordLogin" finished-at="2026-06-15T14:08:47 IST" duration-ms="4588" status="PASS">
          <reporter-output>
          </reporter-output>
        </test-method> <!-- testNegativePasswordLogin -->
      </class> <!-- com.tests.PracticeTestLoginTest -->
    </test> <!-- Chrome -->
  </suite> <!-- SiteCore -->
</testng-results>
