<?xml version="1.0" encoding="UTF-8"?>
<testsuite xmlns:xsi="http://www.w3.org/2001/XMLSchema-instance" xsi:noNamespaceSchemaLocation="https://maven.apache.org/surefire/maven-surefire-plugin/xsd/surefire-test-report-3.0.xsd" version="3.0" name="TestSuite" time="21.327" tests="3" errors="0" skipped="0" failures="0">
  <properties>
[...]
</properties>
  <testcase name="testPositiveLogIn" classname="com.tests.PracticeTestLoginTest" time="7.334">
    <system-out><![CDATA[On start method invoked.....Chrome
PracticeTestLoginTest
i am test name Chrome
========== Setting up test: Chrome ==========
driver is ChromeDriver: chrome on windows (e28f2ecc86688a9d184b7e65933ab13c)
Browser initialized for test: Chrome

========== Test Case 1: Positive LogIn Test ==========
Step 1: Opening login page
Successfully navigated to login page
Step 2: Entering username 'student'
Searching element By.name: username for presence and clickability, will wait by 60 seconds
Successfully entered username: student
Step 3: Entering password 'Password123'
Searching element By.name: password for presence and clickability, will wait by 60 seconds
Successfully entered password
Step 4: Clicking Submit button
Searching element By.id: submit for presence and clickability, will wait by 60 seconds
Successfully clicked Submit button
Step 5: Verifying success page URL
Current URL: https://practicetestautomation.com/logged-in-successfully/
URL verification passed. Current URL: https://practicetestautomation.com/logged-in-successfully/
Step 6: Verifying page contains success message
Page text: HOME PRACTICE COURSES BLOG CONTACT
Logged In Successfully
Congratulations student. You successfully logged in!
Log out
© Copyright 2020 Practice Test Automation. All rights reserved | Privacy Policy
Success page text verification passed
Step 7: Verifying Log out button is displayed
Searching element By.xpath: //a[contains(text(), 'Log out')] for presence, will wait by 60 seconds
Log out button is displayed on the page
✓ Test Case 1 completed!

Name of the test method successfully excuted testPositiveLogIn
]]></system-out>
    <system-err><![CDATA[SLF4J: No SLF4J providers were found.
SLF4J: Defaulting to no-operation (NOP) logger implementation
SLF4J: See http://www.slf4j.org/codes.html#noProviders for further details.
Jun 15, 2026 2:08:30 PM org.openqa.selenium.devtools.CdpVersionFinder findNearestMatch
WARNING: Unable to find CDP implementation matching 149
Jun 15, 2026 2:08:30 PM org.openqa.selenium.chromium.ChromiumDriver lambda$new$5
WARNING: Unable to find version of CDP to use for 149.0.7827.103. You may need to include a dependency on a specific version of the CDP using something similar to `org.seleniumhq.selenium:selenium-devtools-v86:4.18.1` where the version ("v86") matches the version of the chromium-based browser you're using and the version number of the artifact is the same as Selenium's.
]]></system-err>
  </testcase>
  <testcase name="testNegativeUsernameLogi" classname="com.tests.PracticeTestLoginTest" time="4.612">
    <system-out><![CDATA[
========== Test Case 2: Negative Username Test ==========
Step 1: Opening login page
Successfully navigated to login page
Step 2: Entering incorrect username 'incorrectUser'
Searching element By.name: username for presence and clickability, will wait by 60 seconds
Successfully entered username: incorrectUser
Step 3: Entering password 'Password123'
Searching element By.name: password for presence and clickability, will wait by 60 seconds
Successfully entered password
Step 4: Clicking Submit button
Searching element By.id: submit for presence and clickability, will wait by 60 seconds
Successfully clicked Submit button
Step 5: Verifying error message is displayed
Searching element By.id: error for presence, will wait by 60 seconds
Error message: Your username is invalid!
Error message is displayed: Your username is invalid!
Step 6: Verifying error message text is 'Your username is invalid!'
Searching element By.id: error for presence, will wait by 60 seconds
Expected error: Your username is invalid!
Actual error: Your username is invalid!
Error message text verification passed. Error: Your username is invalid!
✓ Test Case 2 completed!

Name of the test method successfully excuted testNegativeUsernameLogi
]]></system-out>
  </testcase>
  <testcase name="testNegativePasswordLogin" classname="com.tests.PracticeTestLoginTest" time="4.592">
    <system-out><![CDATA[
========== Test Case 3: Negative Password Test ==========
Step 1: Opening login page
Successfully navigated to login page
Step 2: Entering username 'student'
Searching element By.name: username for presence and clickability, will wait by 60 seconds
Successfully entered username: student
Step 3: Entering incorrect password 'incorrectPassword'
Searching element By.name: password for presence and clickability, will wait by 60 seconds
Successfully entered password
Step 4: Clicking Submit button
Searching element By.id: submit for presence and clickability, will wait by 60 seconds
Successfully clicked Submit button
Step 5: Verifying error message is displayed
Searching element By.id: error for presence, will wait by 60 seconds
Error message: Your password is invalid!
Error message is displayed: Your password is invalid!
Step 6: Verifying error message text is 'Your password is invalid!'
Searching element By.id: error for presence, will wait by 60 seconds
Expected error: Your password is invalid!
Actual error: Your password is invalid!
Error message text verification passed. Error: Your password is invalid!
✓ Test Case 3 completed!

Name of the test method successfully excuted testNegativePasswordLogin
]]></system-out>
  </testcase>
</testsuite>