<?xml version="1.0" encoding="UTF-8"?>
<testng-results ignored="0" total="0" passed="0" failed="0" skipped="0">
  <reporter-output>
  </reporter-output>
  <suite started-at="2025-05-28T11:12:34 IST" name="SiteCore" finished-at="2025-05-28T11:12:34 IST" duration-ms="0">
    <groups>
      <group name="smoke">
        <method signature="UnicornSignUp.signUp(java.lang.String,java.lang.String,java.lang.String,java.lang.String,java.lang.String,java.lang.String,java.lang.String,java.lang.String,java.lang.String,java.lang.String,java.lang.String,java.lang.String,java.lang.String)[pri:3, instance:com.tests.UnicornSignUp@b2c9a9c]" name="signUp" class="com.tests.UnicornSignUp"/>
      </group> <!-- smoke -->
    </groups>
  </suite> <!-- SiteCore -->
</testng-results>
