<?xml version="1.0" encoding="UTF-8"?>
<!-- Generated by org.testng.reporters.JUnitReportReporter -->
<testsuite hostname="DESKTOP-4OQ8NF6" failures="0" tests="3" name="com.tests.PracticeTestLoginTest" time="16.525" errors="0" timestamp="2026-06-15T14:08:49 IST" skipped="0">
  <testcase classname="com.tests.PracticeTestLoginTest" name="testPositiveLogIn" time="7.325"/>
  <testcase classname="com.tests.PracticeTestLoginTest" name="testNegativeUsernameLogi" time="4.610"/>
  <testcase classname="com.tests.PracticeTestLoginTest" name="testNegativePasswordLogin" time="4.590"/>
</testsuite> <!-- com.tests.PracticeTestLoginTest -->
